\BOOKMARK [0][-]{dummy.1}{\376\377\000D\000e\000c\000l\000a\000r\000a\000t\000i\000o\000n\000\040\000o\000f\000\040\000A\000u\000t\000h\000o\000r\000s\000h\000i\000p}{}% 1
\BOOKMARK [0][-]{dummy.2}{\376\377\000A\000b\000s\000t\000r\000a\000c\000t}{}% 2
\BOOKMARK [0][-]{dummy.3}{\376\377\000A\000c\000k\000n\000o\000w\000l\000e\000d\000g\000e\000m\000e\000n\000t\000s}{}% 3
\BOOKMARK [0][-]{dummy.4}{\376\377\000C\000o\000n\000t\000e\000n\000t\000s}{}% 4
\BOOKMARK [0][-]{dummy.5}{\376\377\000A\000b\000b\000r\000e\000v\000i\000a\000t\000i\000o\000n\000s}{}% 5
\BOOKMARK [0][-]{chapter.7}{\376\377\0001\000\040\000I\000n\000t\000r\000o\000d\000u\000c\000t\000i\000o\000n\000:\000\040\000R\000e\000s\000e\000a\000r\000c\000h\000i\000n\000g\000\040\000A\000\040\000B\000e\000t\000t\000e\000r\000\040\000G\000a\000m\000e\000\040\000E\000n\000g\000i\000n\000e}{}% 6
\BOOKMARK [1][-]{section.8}{\376\377\0001\000.\0001\000\040\000R\000e\000s\000e\000a\000r\000c\000h\000\040\000Q\000u\000e\000s\000t\000i\000o\000n}{chapter.7}% 7
\BOOKMARK [1][-]{section.9}{\376\377\0001\000.\0002\000\040\000I\000n\000i\000t\000i\000a\000l\000\040\000A\000p\000p\000r\000o\000a\000c\000h}{chapter.7}% 8
\BOOKMARK [2][-]{subsection.10}{\376\377\0001\000.\0002\000.\0001\000\040\000C\000o\000l\000l\000a\000b\000o\000r\000a\000t\000i\000v\000e\000\040\000P\000r\000a\000c\000t\000i\000c\000e}{section.9}% 9
\BOOKMARK [2][-]{subsection.11}{\376\377\0001\000.\0002\000.\0002\000\040\000C\000o\000d\000e\000\040\000a\000n\000d\000\040\000T\000h\000e\000o\000r\000y}{section.9}% 10
\BOOKMARK [2][-]{subsection.12}{\376\377\0001\000.\0002\000.\0003\000\040\000G\000a\000m\000e\000\040\000R\000e\000s\000e\000a\000r\000c\000h}{section.9}% 11
\BOOKMARK [2][-]{subsection.13}{\376\377\0001\000.\0002\000.\0004\000\040\000C\000y\000b\000o\000r\000g\000s\000,\000\040\000W\000o\000m\000e\000n\000,\000\040\000G\000a\000m\000e\000\040\000D\000e\000s\000i\000g\000n\000\040\000\050\000n\000e\000e\000d\000s\000\040\000e\000d\000i\000t\000s\000\040\000a\000n\000d\000\040\000a\000c\000t\000u\000a\000l\000\040\000a\000r\000g\000u\000m\000e\000n\000t\000s\000\051}{section.9}% 12
\BOOKMARK [1][-]{section.14}{\376\377\0001\000.\0003\000\040\000S\000t\000r\000u\000c\000t\000u\000r\000e\000\040\000o\000f\000\040\000t\000h\000e\000\040\000R\000e\000m\000a\000i\000n\000d\000e\000r\000\040\000o\000f\000\040\000t\000h\000i\000s\000\040\000D\000o\000c\000u\000m\000e\000n\000t}{chapter.7}% 13
\BOOKMARK [2][-]{subsection.15}{\376\377\0001\000.\0003\000.\0001\000\040\000C\000h\000a\000p\000t\000e\000r\000s}{section.14}% 14
\BOOKMARK [2][-]{subsection.16}{\376\377\0001\000.\0003\000.\0002\000\040\000A\000p\000p\000e\000n\000d\000i\000c\000e\000s}{section.14}% 15
\BOOKMARK [0][-]{chapter.17}{\376\377\0002\000\040\000B\000a\000c\000k\000g\000r\000o\000u\000n\000d}{}% 16
\BOOKMARK [1][-]{section.18}{\376\377\0002\000.\0001\000\040\000E\000x\000i\000s\000t\000i\000n\000g\000\040\000S\000o\000f\000t\000w\000a\000r\000e}{chapter.17}% 17
\BOOKMARK [2][-]{subsection.19}{\376\377\0002\000.\0001\000.\0001\000\040\000G\000a\000m\000e\000\040\000E\000n\000g\000i\000n\000e\000s\000:\000\040\000W\000h\000a\000t\000\040\000A\000r\000e\000\040\000T\000h\000e\000y\000?}{section.18}% 18
\BOOKMARK [2][-]{subsection.20}{\376\377\0002\000.\0001\000.\0002\000\040\000T\000w\000i\000n\000e}{section.18}% 19
\BOOKMARK [1][-]{section.21}{\376\377\0002\000.\0002\000\040\000M\000u\000l\000t\000i\000s\000c\000r\000e\000e\000n\000\040\000V\000i\000d\000e\000o\000\040\000T\000e\000c\000h\000n\000o\000l\000o\000g\000y}{chapter.17}% 20
\BOOKMARK [1][-]{section.22}{\376\377\0002\000.\0003\000\040\000T\000h\000e\000o\000r\000y}{chapter.17}% 21
\BOOKMARK [2][-]{subsection.23}{\376\377\0002\000.\0003\000.\0001\000\040\000H\000e\000l\000e\000n\000e\000\040\000C\000i\000x\000o\000u\000s\000\040\000a\000n\000d\000\040\000t\000h\000e\000\040\000\311\000c\000r\000i\000t\000u\000r\000e\000\040\000F\000\351\000m\000i\000n\000i\000n\000e}{section.22}% 22
\BOOKMARK [2][-]{subsection.24}{\376\377\0002\000.\0003\000.\0002\000\040\000H\000i\000s\000t\000o\000r\000y\000\040\000o\000f\000\040\000W\000o\000m\000e\000n\000\040\000i\000n\000\040\000T\000e\000c\000h\000n\000o\000l\000o\000g\000y}{section.22}% 23
\BOOKMARK [2][-]{subsection.25}{\376\377\0002\000.\0003\000.\0003\000\040\000L\000e\000v\000\040\000M\000a\000n\000o\000v\000i\000c\000h\000,\000\040\000A\000l\000e\000x\000a\000n\000d\000e\000r\000\040\000G\000a\000l\000l\000o\000w\000a\000y\000,\000\040\000a\000n\000d\000\040\000S\000o\000f\000t\000w\000a\000r\000e\000\040\000T\000a\000k\000e\000s\000\040\000C\000o\000m\000m\000a\000n\000d}{section.22}% 24
\BOOKMARK [0][-]{chapter.26}{\376\377\0003\000\040\000S\000t\000a\000t\000e\000\040\000o\000f\000\040\000t\000h\000e\000\040\000A\000r\000t}{}% 25
\BOOKMARK [0][-]{chapter.27}{\376\377\0004\000\040\000S\000t\000a\000t\000e\000\040\000o\000f\000\040\000t\000h\000e\000\040\000A\000r\000t}{}% 26
\BOOKMARK [1][-]{section.28}{\376\377\0004\000.\0001\000\040\000T\000w\000i\000n\000e\000\040\000a\000n\000d\000\040\000A\000c\000c\000e\000s\000s\000i\000b\000l\000e\000\040\000T\000o\000o\000l\000s}{chapter.27}% 27
\BOOKMARK [2][-]{subsection.29}{\376\377\0004\000.\0001\000.\0001\000\040\000U\000n\000i\000t\000y}{section.28}% 28
\BOOKMARK [1][-]{section.30}{\376\377\0004\000.\0002\000\040\000G\000a\000m\000e\000\040\000T\000h\000e\000o\000r\000y\000:\000\040\000G\000a\000l\000l\000o\000w\000a\000y\000,\000\040\000A\000n\000n\000a\000\040\000A\000n\000t\000h\000r\000o\000p\000y}{chapter.27}% 29
\BOOKMARK [1][-]{section.31}{\376\377\0004\000.\0003\000\040\000C\000y\000b\000o\000r\000g\000\040\000T\000e\000c\000h\000n\000o\000l\000o\000g\000y\000:\000\040\000H\000a\000r\000a\000w\000a\000y}{chapter.27}% 30
\BOOKMARK [1][-]{section.32}{\376\377\0004\000.\0004\000\040\000W\000h\000a\000t\000\040\000A\000b\000o\000u\000t\000\040\000A\000l\000l\000\040\000T\000h\000e\000\040\000G\000a\000y\000s\000\040\000A\000n\000d\000\040\000T\000h\000e\000\040\000I\000n\000t\000e\000r\000n\000e\000t\000\040\000S\000e\000x}{chapter.27}% 31
\BOOKMARK [2][-]{subsection.33}{\376\377\0004\000.\0004\000.\0001\000\040\000C\000u\000t\000\040\000t\000h\000i\000s\000,\000\040\000e\000v\000e\000n\000\040\000t\000h\000o\000u\000g\000h\000\040\000i\000t\000'\000s\000\040\000c\000l\000e\000a\000r\000l\000y\000\040\000p\000r\000e\000t\000t\000y\000\040\000r\000e\000l\000e\000v\000a\000n\000t\000\040\000a\000n\000d\000\040\000f\000*\000c\000k\000i\000n\000g\000\040\000e\000v\000e\000r\000y\000o\000n\000e\000\040\000j\000u\000s\000t\000\040\000t\000u\000r\000n\000e\000d\000\040\000o\000u\000t\000\040\000p\000o\000r\000n\000\040\000o\000r\000\040\000v\000i\000o\000l\000e\000n\000c\000e\000\040\000g\000a\000m\000e\000s\000.}{section.32}% 32
\BOOKMARK [0][-]{chapter.34}{\376\377\0005\000\040\000I\000n\000d\000u\000s\000t\000r\000y\000\040\000E\000n\000g\000a\000g\000e\000m\000e\000n\000t\000\040\000a\000n\000d\000\040\000D\000e\000s\000i\000g\000n\000\040\000R\000e\000s\000e\000a\000r\000c\000h\000:\000\040\000C\000o\000m\000m\000u\000n\000i\000t\000y\000\040\000C\000o\000l\000l\000a\000b\000o\000r\000a\000t\000i\000o\000n\000\040\000i\000n\000\040\000S\000o\000f\000t\000w\000a\000r\000e\000\040\000D\000e\000v\000e\000l\000o\000p\000m\000e\000n\000t}{}% 33
\BOOKMARK [1][-]{section.35}{\376\377\0005\000.\0001\000\040\000I\000n\000d\000u\000s\000t\000r\000y\000\040\000E\000n\000g\000a\000g\000e\000m\000e\000n\000t}{chapter.34}% 34
\BOOKMARK [2][-]{subsection.36}{\376\377\0005\000.\0001\000.\0001\000\040\000B\000e\000n\000t\000o\000\040\000M\000i\000s\000o\000\040\000a\000n\000d\000\040\000B\000e\000n\000t\000o\000\040\000B\000o\000x}{section.35}% 35
\BOOKMARK [2][-]{subsection.37}{\376\377\0005\000.\0001\000.\0002\000\040\000D\000a\000m\000e\000s\000\040\000M\000a\000k\000i\000n\000g\000\040\000G\000a\000m\000e\000s\000\040\000a\000n\000d\000\040\000G\000a\000m\000e\000\040\000J\000a\000m\000s}{section.35}% 36
\BOOKMARK [2][-]{subsection.38}{\376\377\0005\000.\0001\000.\0003\000\040\000G\000a\000m\000e\000\040\000J\000a\000m\000s\000,\000\040\000A\000\040\000D\000e\000s\000i\000g\000n\000\040\000M\000e\000t\000h\000o\000d}{section.35}% 37
\BOOKMARK [2][-]{subsection.39}{\376\377\0005\000.\0001\000.\0004\000\040\000N\000o\000J\000a\000m\000\040\0002\000:\000\040\000V\000i\000d\000e\000o\000\040\000V\000i\000d\000e\000o}{section.35}% 38
\BOOKMARK [1][-]{section.40}{\376\377\0005\000.\0002\000\040\000S\000o\000f\000t\000w\000a\000r\000e\000\040\000D\000e\000s\000i\000g\000n}{chapter.34}% 39
\BOOKMARK [2][-]{subsection.41}{\376\377\0005\000.\0002\000.\0001\000\040\000I\000n\000t\000e\000r\000f\000a\000c\000e\000s\000,\000\040\000e\000n\000g\000i\000n\000e\000s\000,\000\040\000a\000n\000d\000\040\000i\000n\000t\000e\000r\000a\000c\000t\000i\000o\000n\000s}{section.40}% 40
\BOOKMARK [2][-]{subsection.43}{\376\377\0005\000.\0002\000.\0002\000\040\000I\000n\000i\000t\000i\000a\000l\000\040\000s\000c\000r\000e\000e\000n\000P\000e\000r\000f\000e\000c\000t\000\040\000E\000n\000g\000i\000n\000e\000|\000I\000n\000t\000e\000r\000f\000a\000c\000e\000\040\000L\000a\000y\000o\000u\000t}{section.40}% 41
\BOOKMARK [2][-]{subsection.45}{\376\377\0005\000.\0002\000.\0003\000\040\000s\000c\000r\000e\000e\000n\000P\000e\000r\000f\000e\000c\000t\000\040\000l\000a\000y\000o\000u\000t\000:\000\040\000N\000o\000J\000a\000m}{section.40}% 42
\BOOKMARK [1][-]{section.47}{\376\377\0005\000.\0003\000\040\000D\000e\000s\000i\000g\000n\000\040\000R\000e\000s\000e\000a\000r\000c\000h\000:\000\040\000W\000h\000a\000t\000\040\000G\000o\000e\000s\000\040\000I\000n\000t\000o\000\040\000S\000t\000a\000r\000t\000i\000n\000g\000\040\000A\000\040\000S\000o\000f\000t\000w\000a\000r\000e\000\040\000P\000r\000o\000j\000e\000c\000t}{chapter.34}% 43
\BOOKMARK [2][-]{subsection.48}{\376\377\0005\000.\0003\000.\0001\000\040\000A\000r\000t\000i\000s\000t\000\040\000C\000o\000l\000l\000a\000b\000o\000r\000a\000t\000i\000o\000n}{section.47}% 44
\BOOKMARK [1][-]{section.49}{\376\377\0005\000.\0004\000\040\000D\000e\000v\000e\000l\000o\000p\000m\000e\000n\000t\000\040\000M\000e\000t\000h\000o\000d\000s}{chapter.34}% 45
\BOOKMARK [2][-]{subsection.50}{\376\377\0005\000.\0004\000.\0001\000\040\000A\000g\000i\000l\000e}{section.49}% 46
\BOOKMARK [2][-]{subsection.51}{\376\377\0005\000.\0004\000.\0002\000\040\000G\000i\000t\000H\000u\000b\000\040\000a\000n\000d\000\040\000O\000p\000e\000n\000\040\000S\000o\000u\000r\000c\000e\000\040\000S\000o\000f\000t\000w\000a\000r\000e}{section.49}% 47
\BOOKMARK [2][-]{subsection.52}{\376\377\0005\000.\0004\000.\0003\000\040\000L\000i\000c\000e\000n\000c\000i\000n\000g}{section.49}% 48
\BOOKMARK [2][-]{subsection.53}{\376\377\0005\000.\0004\000.\0004\000\040\000S\000c\000i\000e\000n\000c\000e\000\040\000F\000i\000c\000t\000i\000o\000n\000\040\000I\000n\000p\000u\000t\000s}{section.49}% 49
\BOOKMARK [0][-]{chapter.54}{\376\377\0006\000\040\000C\000o\000m\000p\000l\000i\000c\000a\000t\000i\000o\000n\000s\000\040\000a\000n\000d\000\040\000P\000r\000o\000b\000l\000e\000m\000s}{}% 50
\BOOKMARK [1][-]{section.55}{\376\377\0006\000.\0001\000\040\000P\000r\000o\000b\000l\000e\000m\000s\000\040\000a\000n\000d\000\040\000C\000o\000m\000p\000l\000i\000c\000a\000t\000i\000o\000n\000s}{chapter.54}% 51
\BOOKMARK [2][-]{subsection.56}{\376\377\0006\000.\0001\000.\0001\000\040\000P\000r\000o\000b\000l\000e\000m\000s\000\040\000w\000i\000t\000h\000\040\000C\000Y\000O\000A\000\040\000a\000s\000\040\000a\000\040\000f\000o\000r\000m\000a\000t}{section.55}% 52
\BOOKMARK [2][-]{subsection.57}{\376\377\0006\000.\0001\000.\0002\000\040\000A\000v\000o\000c\000a\000t\000i\000o\000n\000a\000l\000\040\000W\000o\000r\000k\000\040\000v\000e\000r\000s\000u\000s\000\040\000P\000r\000o\000f\000e\000s\000s\000i\000o\000n\000a\000l\000i\000s\000a\000t\000i\000o\000n}{section.55}% 53
\BOOKMARK [1][-]{section.58}{\376\377\0006\000.\0002\000\040\000G\000o\000o\000d\000\040\000B\000r\000a\000n\000c\000h\000i\000n\000g\000\040\000i\000s\000\040\000E\000x\000p\000e\000n\000s\000i\000v\000e\000\040\000a\000n\000d\000\040\000D\000i\000f\000f\000i\000c\000u\000l\000t}{chapter.54}% 54
\BOOKMARK [0][-]{chapter.59}{\376\377\0007\000\040\000C\000o\000n\000c\000l\000u\000s\000i\000o\000n}{}% 55
\BOOKMARK [1][-]{section.60}{\376\377\0007\000.\0001\000\040\000C\000o\000n\000c\000l\000u\000s\000i\000o\000n}{chapter.59}% 56
\BOOKMARK [0][-]{chapter.61}{\376\377\0008\000\040\000E\000n\000d\000n\000o\000t\000e\000s\000,\000\040\000R\000e\000f\000e\000r\000e\000n\000c\000e\000s\000,\000\040\000W\000o\000r\000k\000s\000\040\000C\000i\000t\000e\000d}{}% 57
\BOOKMARK [1][-]{section.62}{\376\377\0008\000.\0001\000\040\000W\000o\000r\000k\000s\000\040\000C\000i\000t\000e\000d}{chapter.61}% 58
\BOOKMARK [2][-]{subsection.63}{\376\377\0008\000.\0001\000.\0001\000\040\000S\000o\000f\000t\000w\000a\000r\000e}{section.62}% 59
\BOOKMARK [0][-]{chapter.64}{\376\377\0009\000\040\000C\000e\000n\000t\000r\000a\000l\000\040\000T\000h\000e\000s\000i\000s\000\040\000A\000r\000g\000u\000m\000e\000n\000t}{}% 60
\BOOKMARK [1][-]{section.65}{\376\377\0009\000.\0001\000\040\000A\000r\000t\000i\000s\000t\000s\000\040\000N\000e\000e\000d\000\040\000A\000c\000c\000e\000s\000s\000i\000b\000l\000e\000\040\000T\000e\000c\000h\000n\000o\000l\000o\000g\000y}{chapter.64}% 61
\BOOKMARK [2][-]{subsection.66}{\376\377\0009\000.\0001\000.\0001\000\040\000S\000o\000f\000t\000w\000a\000r\000e\000\040\000t\000o\000o\000l\000s\000\040\000a\000s\000\040\000c\000r\000e\000a\000t\000i\000v\000e\000\040\000p\000r\000a\000c\000t\000i\000c\000e}{section.65}% 62
\BOOKMARK [2][-]{subsection.67}{\376\377\0009\000.\0001\000.\0002\000\040\000L\000a\000r\000g\000e\000\040\000a\000u\000d\000i\000e\000n\000c\000e\000s\000\040\000a\000r\000e\000\040\000n\000o\000t\000\040\000a\000l\000w\000a\000y\000s\000\040\000b\000e\000n\000e\000f\000i\000c\000i\000a\000l}{section.65}% 63
\BOOKMARK [2][-]{subsection.68}{\376\377\0009\000.\0001\000.\0003\000\040\000G\000e\000n\000d\000e\000r\000i\000n\000g\000\040\000C\000o\000d\000e}{section.65}% 64
\BOOKMARK [2][-]{subsection.69}{\376\377\0009\000.\0001\000.\0004\000\040\000S\000i\000m\000p\000l\000e\000,\000\040\000e\000l\000e\000g\000a\000n\000t\000\040\000d\000e\000s\000i\000g\000n\000\040\000i\000s\000\040\000i\000m\000p\000o\000r\000t\000a\000n\000t\000\040\000f\000o\000r\000\040\000a\000c\000c\000e\000s\000s\000i\000b\000i\000l\000i\000t\000y}{section.65}% 65
\BOOKMARK [2][-]{subsection.70}{\376\377\0009\000.\0001\000.\0005\000\040\000L\000i\000n\000g\000u\000i\000s\000t\000i\000c\000\040\000v\000i\000s\000i\000b\000i\000l\000i\000t\000y\000\040\000a\000n\000d\000\040\000t\000h\000e\000\040\000p\000o\000l\000i\000t\000i\000c\000i\000z\000a\000t\000i\000o\000n\000\040\000o\000f\000\040\000l\000a\000n\000g\000u\000a\000g\000e\000\040\000i\000n\000\040\000C\000a\000n\000a\000d\000a\000\040\000s\000p\000e\000c\000i\000f\000i\000c\000a\000l\000l\000y}{section.65}% 66
\BOOKMARK [2][-]{subsection.71}{\376\377\0009\000.\0001\000.\0006\000\040\000E\000f\000f\000e\000c\000t\000i\000v\000e\000l\000y\000\040\000r\000e\000s\000i\000s\000t\000i\000n\000g\000\040\000a\000u\000t\000h\000o\000r\000i\000t\000y\000\040\000i\000n\000v\000o\000l\000v\000e\000s\000\040\000a\000c\000c\000e\000s\000s\000\040\000t\000o\000\040\000p\000r\000i\000v\000a\000c\000y\000\040\000a\000n\000d\000\040\000t\000h\000e\000\040\000a\000b\000i\000l\000i\000t\000y\000\040\000t\000o\000\040\000r\000e\000a\000l\000i\000z\000e\000\040\000o\000n\000e\000'\000s\000\040\000o\000w\000n\000\040\000v\000i\000s\000i\000o\000n\000s}{section.65}% 67
\BOOKMARK [2][-]{subsection.72}{\376\377\0009\000.\0001\000.\0007\000\040\000V\000i\000d\000e\000o\000\040\000G\000a\000m\000e\000s\000\040\000a\000r\000e\000\040\000n\000e\000w\000,\000\040\000a\000n\000d\000\040\000t\000h\000e\000r\000e\000f\000o\000r\000e\000\040\000a\000s\000-\000y\000e\000t\000\040\000f\000r\000e\000e\000\040\000f\000o\000r\000\040\000e\000x\000p\000r\000e\000s\000s\000i\000o\000n}{section.65}% 68
\BOOKMARK [2][-]{subsection.73}{\376\377\0009\000.\0001\000.\0008\000\040\000t\000h\000e\000\040\000i\000m\000p\000o\000r\000t\000a\000n\000c\000e\000\040\000o\000f\000\040\000c\000o\000l\000l\000a\000b\000o\000r\000a\000t\000i\000v\000e\000\040\000p\000r\000a\000c\000t\000i\000c\000e\000\040\000a\000n\000d\000\040\000r\000e\000s\000p\000o\000n\000s\000i\000v\000e\000\040\000d\000e\000v\000e\000l\000o\000p\000m\000e\000n\000t\000\040\000p\000r\000a\000c\000t\000i\000c\000e}{section.65}% 69
\BOOKMARK [0][-]{chapter.74}{\376\377\000A\000\040\000A\000g\000i\000l\000e\000\040\000M\000a\000n\000i\000f\000e\000s\000t\000o}{}% 70
\BOOKMARK [1][-]{section.75}{\376\377\000A\000.\0001\000\040\000A\000g\000i\000l\000e\000\040\000M\000a\000n\000i\000f\000e\000s\000t\000o}{chapter.74}% 71
\BOOKMARK [2][-]{subsection.76}{\376\377\000A\000.\0001\000.\0001\000\040\000W\000h\000a\000t\000\040\000I\000s\000\040\000A\000g\000i\000l\000e\000?}{section.75}% 72
\BOOKMARK [0][-]{chapter.77}{\376\377\000B\000\040\000A\000n\000n\000o\000t\000a\000t\000e\000d\000\040\000L\000i\000t\000e\000r\000a\000t\000u\000r\000e\000\040\000R\000e\000v\000i\000e\000w}{}% 73
\BOOKMARK [1][-]{section.78}{\376\377\000B\000.\0001\000\040\000L\000i\000t\000e\000r\000a\000t\000u\000r\000e\000\040\000R\000e\000v\000i\000e\000w}{chapter.77}% 74
\BOOKMARK [0][-]{chapter.79}{\376\377\000C\000\040\000G\000a\000m\000e\000\040\000J\000a\000m\000\040\000D\000o\000c\000u\000m\000e\000n\000t\000a\000t\000i\000o\000n}{}% 75
\BOOKMARK [1][-]{subsection.80}{\376\377\000C\000.\0000\000.\0001\000\040\000Q\000u\000e\000s\000t\000i\000o\000n\000s\000\040\000T\000o\000\040\000A\000s\000k\000\040\000G\000a\000m\000e\000\040\000J\000a\000m\000m\000e\000r\000s}{chapter.79}% 76
\BOOKMARK [2][-]{subsection.81}{\376\377\000C\000.\0000\000.\0002\000\040\000G\000a\000m\000e\000s\000\040\000L\000i\000s\000t}{subsection.80}% 77
\BOOKMARK [2][-]{subsection.82}{\376\377\000C\000.\0000\000.\0003\000\040\000B\000u\000g\000\040\000D\000i\000s\000c\000o\000v\000e\000r\000y}{subsection.80}% 78
\BOOKMARK [2][-]{subsection.83}{\376\377\000C\000.\0000\000.\0004\000\040\000F\000e\000a\000t\000u\000r\000e\000s\000\040\000R\000e\000q\000u\000e\000s\000t\000e\000d\000\040\000b\000y\000\040\000G\000a\000m\000e\000\040\000J\000a\000m\000m\000e\000r\000s}{subsection.80}% 79
\BOOKMARK [2][-]{subsection.84}{\376\377\000C\000.\0000\000.\0005\000\040\000N\000o\000t\000e\000s\000\040\000f\000r\000o\000m\000\040\000c\000o\000m\000m\000i\000t\000t\000e\000d\000\040\000j\000a\000m\000m\000e\000r\000s\000\040\000a\000b\000o\000u\000t\000\040\000s\000c\000r\000e\000e\000n\000P\000e\000r\000f\000e\000c\000t}{subsection.80}% 80
\BOOKMARK [0][-]{chapter.85}{\376\377\000D\000\040\000S\000o\000f\000t\000w\000a\000r\000e\000\040\000D\000e\000p\000e\000n\000d\000e\000n\000c\000i\000e\000s\000,\000\040\000G\000i\000t\000H\000u\000b\000\040\000R\000e\000c\000o\000r\000d\000s}{}% 81
\BOOKMARK [0][-]{chapter.86}{\376\377\000E\000\040\000T\000r\000a\000n\000s\000c\000r\000i\000p\000t\000i\000o\000n\000s\000\040\000o\000f\000\040\000P\000u\000b\000l\000i\000c\000\040\000T\000a\000l\000k\000s}{}% 82
\BOOKMARK [1][-]{section.87}{\376\377\000E\000.\0001\000\040\000T\000r\000a\000n\000s\000c\000r\000i\000p\000t\000\040\000o\000f\000\040\000P\000s\000X\000X\000Y\000b\000o\000r\000g\000\040\000p\000r\000e\000s\000e\000n\000t\000a\000t\000i\000o\000n\000,\000\040\000A\000u\000g\000u\000s\000t\000\040\0002\0009\000,\000\040\0002\0000\0001\0003}{chapter.86}% 83
\BOOKMARK [0][-]{dummy.88}{\376\377\000B\000i\000b\000l\000i\000o\000g\000r\000a\000p\000h\000y}{}% 84
