\BOOKMARK [0][-]{dummy.1}{\376\377\000D\000e\000c\000l\000a\000r\000a\000t\000i\000o\000n\000\040\000o\000f\000\040\000A\000u\000t\000h\000o\000r\000s\000h\000i\000p}{}% 1
\BOOKMARK [0][-]{dummy.2}{\376\377\000A\000b\000s\000t\000r\000a\000c\000t}{}% 2
\BOOKMARK [0][-]{dummy.3}{\376\377\000A\000c\000k\000n\000o\000w\000l\000e\000d\000g\000e\000m\000e\000n\000t\000s}{}% 3
\BOOKMARK [0][-]{section*.4}{\376\377\000L\000i\000s\000t\000\040\000o\000f\000\040\000F\000i\000g\000u\000r\000e\000s}{}% 4
\BOOKMARK [0][-]{dummy.5}{\376\377\000A\000b\000b\000r\000e\000v\000i\000a\000t\000i\000o\000n\000s}{}% 5
\BOOKMARK [0][-]{chapter.7}{\376\377\0001\000\040\000I\000n\000t\000r\000o\000d\000u\000c\000t\000i\000o\000n\000:\000\040\000A\000\040\000B\000e\000t\000t\000e\000r\000\040\000I\000n\000t\000e\000r\000a\000c\000t\000i\000v\000e\000\040\000D\000e\000s\000i\000g\000n\000\040\000M\000e\000t\000h\000o\000d}{}% 6
\BOOKMARK [1][-]{section.8}{\376\377\0001\000.\0001\000\040\000D\000e\000s\000i\000g\000n\000i\000n\000g\000\040\000S\000o\000f\000t\000w\000a\000r\000e\000\040\000t\000o\000\040\000P\000o\000w\000e\000r\000\040\000E\000x\000p\000e\000r\000i\000e\000n\000c\000e}{chapter.7}% 7
\BOOKMARK [1][-]{section.9}{\376\377\0001\000.\0002\000\040\000I\000n\000t\000e\000r\000a\000c\000t\000i\000o\000n\000\040\000a\000n\000d\000\040\000P\000r\000e\000s\000e\000n\000t\000a\000t\000i\000o\000n\000\040\000i\000n\000\040\000G\000a\000m\000e\000\040\000D\000e\000s\000i\000g\000n}{chapter.7}% 8
\BOOKMARK [1][-]{section.10}{\376\377\0001\000.\0003\000\040\000I\000n\000i\000t\000i\000a\000l\000\040\000A\000p\000p\000r\000o\000a\000c\000h}{chapter.7}% 9
\BOOKMARK [2][-]{subsection.11}{\376\377\0001\000.\0003\000.\0001\000\040\000A\000r\000t\000i\000s\000t\000-\000L\000e\000d\000\040\000C\000o\000l\000l\000a\000b\000o\000r\000a\000t\000i\000o\000n\000\040\000w\000i\000t\000h\000\040\000H\000a\000n\000n\000a\000h\000\040\000E\000p\000s\000t\000e\000i\000n\000\040\000a\000n\000d\000\040\000g\000a\000m\000e\000:\000:\000p\000l\000a\000y\000\040\000L\000a\000b}{section.10}% 10
\BOOKMARK [2][-]{subsection.12}{\376\377\0001\000.\0003\000.\0002\000\040\000S\000o\000f\000t\000w\000a\000r\000e\000\040\000D\000e\000v\000e\000l\000o\000p\000m\000e\000n\000t}{section.10}% 11
\BOOKMARK [1][-]{section.14}{\376\377\0001\000.\0004\000\040\000C\000o\000m\000m\000u\000n\000i\000t\000y\000\040\000B\000a\000s\000e\000d\000\040\000P\000r\000o\000t\000o\000t\000y\000p\000e\000\040\000D\000e\000s\000i\000g\000n\000\040\000w\000i\000t\000h\000\040\000D\000a\000m\000e\000s\000\040\000M\000a\000k\000i\000n\000g\000\040\000G\000a\000m\000e\000s\000\040\000a\000n\000d\000\040\000B\000e\000n\000t\000o\000\040\000B\000o\000x\000-\000M\000i\000s\000o\000:\000\040\000O\000v\000e\000r\000c\000o\000m\000i\000n\000g\000\040\000I\000m\000p\000o\000s\000t\000e\000r\000\040\000S\000y\000n\000d\000r\000o\000m\000e}{chapter.7}% 12
\BOOKMARK [1][-]{section.15}{\376\377\0001\000.\0005\000\040\000P\000r\000o\000t\000o\000t\000y\000p\000e\000\040\000D\000e\000v\000e\000l\000o\000p\000m\000e\000n\000t\000:\000\040\000H\000a\000r\000d\000w\000a\000r\000e\000\040\000I\000n\000s\000t\000a\000l\000l\000a\000t\000i\000o\000n\000\040\000a\000n\000d\000\040\000D\000i\000s\000p\000l\000a\000y}{chapter.7}% 13
\BOOKMARK [0][-]{chapter.17}{\376\377\0002\000\040\000A\000r\000t\000i\000s\000t\000-\000L\000e\000d\000\040\000T\000e\000c\000h\000n\000i\000c\000a\000l\000\040\000C\000o\000l\000l\000a\000b\000o\000r\000a\000t\000i\000o\000n}{}% 14
\BOOKMARK [1][-]{section.18}{\376\377\0002\000.\0001\000\040\000D\000e\000s\000i\000g\000n\000\040\000R\000e\000s\000e\000a\000r\000c\000h\000:\000\040\000A\000r\000t\000i\000s\000t\000\040\000C\000o\000l\000l\000a\000b\000o\000r\000a\000t\000i\000o\000n}{chapter.17}% 15
\BOOKMARK [1][-]{section.19}{\376\377\0002\000.\0002\000\040\000S\000o\000f\000t\000w\000a\000r\000e\000\040\000D\000e\000v\000e\000l\000o\000p\000m\000e\000n\000t\000\040\000M\000e\000t\000h\000o\000d\000s\000:\000\040\000A\000g\000i\000l\000e}{chapter.17}% 16
\BOOKMARK [2][-]{subsection.21}{\376\377\0002\000.\0002\000.\0001\000\040\000F\000u\000l\000l\000\040\000M\000o\000t\000i\000o\000n\000\040\000V\000i\000d\000e\000o\000\040\000G\000a\000m\000e\000s\000\040\000a\000n\000d\000\040\000M\000o\000b\000i\000l\000e\000\040\000I\000n\000t\000e\000r\000a\000c\000t\000i\000v\000e\000\040\000S\000c\000r\000e\000e\000n\000s}{section.19}% 17
\BOOKMARK [1][-]{section.22}{\376\377\0002\000.\0003\000\040\000G\000a\000m\000e\000\040\000E\000n\000g\000i\000n\000e\000s}{chapter.17}% 18
\BOOKMARK [2][-]{subsection.23}{\376\377\0002\000.\0003\000.\0001\000\040\000T\000w\000i\000n\000e}{section.22}% 19
\BOOKMARK [2][-]{subsection.24}{\376\377\0002\000.\0003\000.\0002\000\040\000M\000u\000l\000t\000i\000s\000c\000r\000e\000e\000n\000\040\000V\000i\000d\000e\000o\000\040\000T\000e\000c\000h\000n\000o\000l\000o\000g\000y}{section.22}% 20
\BOOKMARK [2][-]{subsection.25}{\376\377\0002\000.\0003\000.\0003\000\040\000L\000i\000c\000e\000n\000s\000i\000n\000g}{section.22}% 21
\BOOKMARK [2][-]{subsection.26}{\376\377\0002\000.\0003\000.\0004\000\040\000S\000c\000i\000e\000n\000c\000e\000\040\000F\000i\000c\000t\000i\000o\000n\000\040\000I\000n\000p\000u\000t\000s}{section.22}% 22
\BOOKMARK [1][-]{section.27}{\376\377\0002\000.\0004\000\040\000C\000o\000d\000e\000\040\000a\000s\000\040\000C\000o\000n\000t\000e\000x\000t\000-\000S\000e\000n\000s\000i\000t\000i\000v\000e\000\040\000W\000r\000i\000t\000i\000n\000g}{chapter.17}% 23
\BOOKMARK [1][-]{section.28}{\376\377\0002\000.\0005\000\040\000S\000o\000f\000t\000w\000a\000r\000e\000\040\000D\000e\000s\000i\000g\000n}{chapter.17}% 24
\BOOKMARK [2][-]{subsection.29}{\376\377\0002\000.\0005\000.\0001\000\040\000s\000c\000r\000e\000e\000n\000P\000e\000r\000f\000e\000c\000t\000\040\000E\000n\000g\000i\000n\000e\000|\000I\000n\000t\000e\000r\000f\000a\000c\000e\000\040\000L\000a\000y\000o\000u\000t}{section.28}% 25
\BOOKMARK [0][-]{chapter.32}{\376\377\0003\000\040\000I\000n\000d\000u\000s\000t\000r\000y\000\040\000E\000n\000g\000a\000g\000e\000m\000e\000n\000t\000\040\000a\000n\000d\000\040\000C\000o\000m\000m\000u\000n\000i\000t\000y\000\040\000B\000a\000s\000e\000d\000\040\000R\000e\000s\000e\000a\000r\000c\000h}{}% 26
\BOOKMARK [1][-]{section.33}{\376\377\0003\000.\0001\000\040\000T\000h\000e\000o\000r\000y\000\040\000a\000n\000d\000\040\000P\000o\000l\000i\000t\000i\000c\000s}{chapter.32}% 27
\BOOKMARK [1][-]{section.34}{\376\377\0003\000.\0002\000\040\000C\000i\000x\000o\000u\000s\000,\000\040\000E\000m\000b\000o\000d\000i\000m\000e\000n\000t\000,\000\040\000a\000n\000d\000\040\000t\000h\000e\000\040\000G\000a\000m\000e\000\040\000J\000a\000m}{chapter.32}% 28
\BOOKMARK [1][-]{section.35}{\376\377\0003\000.\0003\000\040\000I\000n\000d\000u\000s\000t\000r\000y\000\040\000E\000n\000g\000a\000g\000e\000m\000e\000n\000t}{chapter.32}% 29
\BOOKMARK [2][-]{subsection.36}{\376\377\0003\000.\0003\000.\0001\000\040\000G\000a\000m\000e\000\040\000J\000a\000m\000s\000,\000\040\000A\000\040\000D\000e\000s\000i\000g\000n\000\040\000M\000e\000t\000h\000o\000d}{section.35}% 30
\BOOKMARK [2][-]{subsection.37}{\376\377\0003\000.\0003\000.\0002\000\040\000D\000a\000m\000e\000s\000\040\000M\000a\000k\000i\000n\000g\000\040\000G\000a\000m\000e\000s\000\040\000a\000n\000d\000\040\000G\000a\000m\000e\000\040\000J\000a\000m\000s}{section.35}% 31
\BOOKMARK [2][-]{subsection.38}{\376\377\0003\000.\0003\000.\0003\000\040\000B\000e\000n\000t\000o\000\040\000B\000o\000x\000-\000M\000i\000s\000o}{section.35}% 32
\BOOKMARK [2][-]{subsection.40}{\376\377\0003\000.\0003\000.\0004\000\040\000N\000o\000\040\000J\000a\000m\000\040\0002\000:\000\040\000V\000i\000d\000e\000o\000\040\000V\000i\000d\000e\000o}{section.35}% 33
\BOOKMARK [0][-]{chapter.41}{\376\377\0004\000\040\000P\000r\000o\000t\000o\000t\000y\000p\000e\000\040\000D\000e\000v\000e\000l\000o\000p\000m\000e\000n\000t\000\040\000f\000o\000r\000\040\000D\000i\000s\000p\000l\000a\000y\000\040\000H\000a\000r\000d\000w\000a\000r\000e}{}% 34
\BOOKMARK [1][-]{section.44}{\376\377\0004\000.\0001\000\040\000C\000l\000i\000e\000n\000t\000\040\000S\000e\000r\000v\000e\000r\000\040\000M\000o\000d\000e\000l}{chapter.41}% 35
\BOOKMARK [1][-]{section.45}{\376\377\0004\000.\0002\000\040\000P\000u\000b\000l\000i\000c\000\040\000I\000n\000s\000t\000a\000l\000l\000a\000t\000i\000o\000n\000s}{chapter.41}% 36
\BOOKMARK [1][-]{section.47}{\376\377\0004\000.\0003\000\040\000H\000a\000r\000d\000w\000a\000r\000e\000\040\000D\000e\000s\000i\000g\000n}{chapter.41}% 37
\BOOKMARK [1][-]{section.55}{\376\377\0004\000.\0004\000\040\000T\000e\000c\000h\000n\000i\000c\000a\000l\000\040\000D\000i\000s\000p\000l\000a\000y\000\040\000C\000o\000n\000c\000e\000r\000n\000s\000\040\000a\000n\000d\000\040\000t\000h\000e\000\040\000P\000u\000b\000l\000i\000c\000\040\000P\000r\000i\000v\000a\000t\000e\000\040\000I\000n\000t\000e\000r\000n\000e\000t}{chapter.41}% 38
\BOOKMARK [2][-]{subsection.56}{\376\377\0004\000.\0004\000.\0001\000\040\000S\000u\000b\000n\000o\000d\000.\000e\000s\000\040\000a\000n\000d\000\040\000P\000u\000b\000l\000i\000c\000\040\000P\000r\000i\000v\000a\000t\000e\000\040\000S\000p\000a\000c\000e}{section.55}% 39
\BOOKMARK [1][-]{section.57}{\376\377\0004\000.\0005\000\040\000D\000i\000s\000t\000r\000i\000b\000u\000t\000i\000o\000n\000\040\000o\000f\000\040\000W\000o\000r\000k}{chapter.41}% 40
\BOOKMARK [0][-]{chapter.58}{\376\377\0005\000\040\000C\000o\000n\000c\000l\000u\000s\000i\000o\000n}{}% 41
\BOOKMARK [1][-]{section.59}{\376\377\0005\000.\0001\000\040\000C\000o\000n\000c\000l\000u\000s\000i\000o\000n}{chapter.58}% 42
\BOOKMARK [0][-]{chapter.60}{\376\377\000A\000\040\000s\000c\000r\000e\000e\000n\000P\000e\000r\000f\000e\000c\000t\000\040\000I\000n\000s\000t\000a\000l\000l\000a\000t\000i\000o\000n\000\040\000G\000u\000i\000d\000e}{}% 43
\BOOKMARK [1][-]{section.61}{\376\377\000A\000.\0001\000\040\000s\000c\000r\000e\000e\000n\000P\000e\000r\000f\000e\000c\000t\000\040\000C\000o\000d\000e\000\040\000a\000n\000d\000\040\000D\000o\000c\000u\000m\000e\000n\000t\000a\000t\000i\000o\000n}{chapter.60}% 44
\BOOKMARK [1][-]{section.62}{\376\377\000A\000.\0002\000\040\000D\000e\000v\000i\000c\000e\000\040\000L\000i\000s\000t}{chapter.60}% 45
\BOOKMARK [1][-]{section.73}{\376\377\000A\000.\0003\000\040\000S\000o\000f\000t\000w\000a\000r\000e\000\240\000L\000i\000s\000t}{chapter.60}% 46
\BOOKMARK [1][-]{section.79}{\376\377\000A\000.\0004\000\040\000I\000n\000s\000t\000a\000l\000l\000a\000t\000i\000o\000n\000\240\000a\000n\000d\000\040\000S\000i\000t\000e\000\040\000C\000o\000n\000s\000t\000r\000u\000c\000t\000i\000o\000n}{chapter.60}% 47
\BOOKMARK [2][-]{subsection.80}{\376\377\000A\000.\0004\000.\0001\000\040\000B\000e\000f\000o\000r\000e\000\240\000L\000e\000a\000v\000i\000n\000g\000\240\000F\000o\000r\000\040\000S\000i\000t\000e}{section.79}% 48
\BOOKMARK [1][-]{section.117}{\376\377\000A\000.\0005\000\040\000T\000r\000o\000u\000b\000l\000e\000s\000h\000o\000o\000t\000i\000n\000g}{chapter.60}% 49
\BOOKMARK [2][-]{subsection.118}{\376\377\000A\000.\0005\000.\0001\000\040\000O\000n\000\240\000S\000t\000a\000r\000t\000,\000\240\000G\000o\000o\000g\000l\000e\000\240\000C\000h\000r\000o\000m\000e\000\240\000C\000a\000n\000n\000o\000t\000\240\000F\000i\000n\000d\000\040\000C\000o\000n\000t\000r\000o\000l\000\040\000S\000c\000r\000e\000e\000n}{section.117}% 50
\BOOKMARK [2][-]{subsection.121}{\376\377\000A\000.\0005\000.\0002\000\040\000T\000h\000e\000\240\000C\000o\000n\000t\000r\000o\000l\000\240\000D\000e\000v\000i\000c\000e\000\240\000i\000s\000\240\000f\000r\000o\000z\000e\000n\000,\000\240\000o\000r\000\240\000t\000h\000e\000\240\000v\000i\000d\000e\000o\000s\000\240\000a\000r\000e\000\240\000n\000o\000t\000\240\000c\000h\000a\000n\000g\000i\000n\000g\000.}{section.117}% 51
\BOOKMARK [1][-]{section.128}{\376\377\000A\000.\0006\000\040\000T\000i\000d\000b\000i\000t\000s\000\240\000a\000n\000d\000\040\000T\000e\000c\000h\000\040\000N\000o\000t\000e\000s}{chapter.60}% 52
\BOOKMARK [0][-]{chapter.129}{\376\377\000B\000\040\000G\000a\000m\000e\000\040\000J\000a\000m\000\040\000D\000o\000c\000u\000m\000e\000n\000t\000a\000t\000i\000o\000n}{}% 53
\BOOKMARK [1][-]{section.130}{\376\377\000B\000.\0001\000\040\000I\000n\000t\000e\000r\000v\000i\000e\000w\000\040\000F\000i\000l\000e\000s}{chapter.129}% 54
\BOOKMARK [1][-]{section.131}{\376\377\000B\000.\0002\000\040\000Q\000u\000e\000s\000t\000i\000o\000n\000s\000\040\000T\000o\000\040\000A\000s\000k\000\040\000G\000a\000m\000e\000\040\000J\000a\000m\000m\000e\000r\000s}{chapter.129}% 55
\BOOKMARK [2][-]{subsection.132}{\376\377\000B\000.\0002\000.\0001\000\040\000G\000a\000m\000e\000s\000\040\000L\000i\000s\000t}{section.131}% 56
\BOOKMARK [2][-]{subsection.133}{\376\377\000B\000.\0002\000.\0002\000\040\000B\000u\000g\000\040\000D\000i\000s\000c\000o\000v\000e\000r\000y}{section.131}% 57
\BOOKMARK [2][-]{subsection.134}{\376\377\000B\000.\0002\000.\0003\000\040\000F\000e\000a\000t\000u\000r\000e\000s\000\040\000R\000e\000q\000u\000e\000s\000t\000e\000d\000\040\000b\000y\000\040\000G\000a\000m\000e\000\040\000J\000a\000m\000m\000e\000r\000s}{section.131}% 58
\BOOKMARK [2][-]{subsection.135}{\376\377\000B\000.\0002\000.\0004\000\040\000N\000o\000t\000e\000s\000\040\000f\000r\000o\000m\000\040\000c\000o\000m\000m\000i\000t\000t\000e\000d\000\040\000j\000a\000m\000m\000e\000r\000s\000\040\000a\000b\000o\000u\000t\000\040\000s\000c\000r\000e\000e\000n\000P\000e\000r\000f\000e\000c\000t}{section.131}% 59
\BOOKMARK [0][-]{chapter.136}{\376\377\000C\000\040\000R\000a\000s\000p\000b\000e\000r\000r\000y\000\040\000P\000i\000\040\000S\000e\000t\000u\000p\000\040\000D\000o\000c\000u\000m\000e\000n\000t\000a\000t\000i\000o\000n}{}% 60
\BOOKMARK [1][-]{section.137}{\376\377\000C\000.\0001\000\040\000M\000a\000t\000e\000r\000i\000a\000l\000s\000\040\000a\000n\000d\000\040\000S\000u\000p\000p\000l\000i\000e\000s}{chapter.136}% 61
\BOOKMARK [1][-]{section.138}{\376\377\000C\000.\0002\000\040\000B\000a\000c\000k\000g\000r\000o\000u\000n\000d\000\040\000f\000o\000r\000\040\000L\000i\000n\000u\000x\000\040\000C\000o\000m\000m\000a\000n\000d\000s}{chapter.136}% 62
\BOOKMARK [1][-]{section.139}{\376\377\000C\000.\0003\000\040\000S\000e\000t\000t\000i\000n\000g\000\040\000U\000p\000\040\000T\000h\000e\000\040\000R\000a\000s\000p\000b\000e\000r\000r\000y\000\040\000P\000i}{chapter.136}% 63
\BOOKMARK [2][-]{subsection.140}{\376\377\000C\000.\0003\000.\0001\000\040\000W\000i\000n\000d\000o\000w\000s\000\040\0007\000\040\000S\000D\000\040\000C\000a\000r\000d\000\040\000s\000e\000t\000u\000p\000\040\000a\000n\000d\000\040\000f\000i\000r\000s\000t\000\040\000b\000o\000o\000t}{section.139}% 64
\BOOKMARK [2][-]{subsection.149}{\376\377\000C\000.\0003\000.\0002\000\040\000C\000o\000n\000f\000i\000g\000u\000r\000i\000n\000g\000\040\000R\000a\000s\000p\000b\000i\000a\000n}{section.139}% 65
\BOOKMARK [1][-]{section.154}{\376\377\000C\000.\0004\000\040\000S\000o\000f\000t\000w\000a\000r\000e\000\040\000S\000e\000t\000u\000p\000\040\000f\000o\000r\000\040\000E\000x\000t\000e\000r\000n\000a\000l\000\040\000W\000i\000F\000i\000\040\000A\000c\000c\000e\000s\000s}{chapter.136}% 66
\BOOKMARK [1][-]{section.175}{\376\377\000C\000.\0005\000\040\000I\000n\000s\000t\000a\000l\000l\000i\000n\000g\000\040\000N\000o\000d\000e\000.\000J\000S}{chapter.136}% 67
\BOOKMARK [2][-]{subsection.176}{\376\377\000C\000.\0005\000.\0001\000\040\000W\000h\000y\000\040\000N\000o\000d\000e\000?}{section.175}% 68
\BOOKMARK [2][-]{subsection.177}{\376\377\000C\000.\0005\000.\0002\000\040\000I\000n\000s\000t\000a\000l\000l\000a\000t\000i\000o\000n\000\040\000I\000n\000s\000t\000r\000u\000c\000t\000i\000o\000n\000s\000\040\000f\000o\000r\000\040\000N\000o\000d\000e\000.\000J\000S}{section.175}% 69
\BOOKMARK [1][-]{section.191}{\376\377\000C\000.\0006\000\040\000T\000e\000s\000t\000i\000n\000g\000\040\000N\000o\000d\000e}{chapter.136}% 70
\BOOKMARK [2][-]{subsection.192}{\376\377\000C\000.\0006\000.\0001\000\040\000S\000e\000l\000e\000c\000t\000i\000n\000g\000\040\000M\000o\000n\000i\000t\000o\000r\000i\000n\000g\000\040\000S\000o\000f\000t\000w\000a\000r\000e}{section.191}% 71
\BOOKMARK [2][-]{subsection.193}{\376\377\000C\000.\0006\000.\0002\000\040\000I\000n\000s\000t\000a\000l\000l\000a\000t\000i\000o\000n\000\040\000o\000f\000\040\000N\000o\000d\000e\000\040\000M\000o\000d\000u\000l\000e\000s}{section.191}% 72
\BOOKMARK [2][-]{subsection.208}{\376\377\000C\000.\0006\000.\0003\000\040\000T\000r\000o\000u\000b\000l\000e\000s\000h\000o\000o\000t\000i\000n\000g\000\040\000N\000P\000M\000\040\000i\000n\000s\000t\000a\000l\000l\000a\000t\000i\000o\000n\000s}{section.191}% 73
\BOOKMARK [1][-]{section.209}{\376\377\000C\000.\0007\000\040\000S\000S\000H\000\040\000v\000i\000a\000\040\000D\000i\000r\000e\000c\000t\000\040\000E\000t\000h\000e\000r\000n\000e\000t\000\040\000C\000o\000n\000n\000e\000c\000t\000i\000o\000n\000\040\000\040\000a\000n\000d\000\040\000W\000i\000F\000i\000\040\000I\000n\000t\000e\000r\000n\000e\000t\000\040\000A\000c\000c\000e\000s\000s}{chapter.136}% 74
\BOOKMARK [1][-]{section.249}{\376\377\000C\000.\0008\000\040\000B\000a\000c\000k\000i\000n\000g\000\040\000U\000p\000\040\000t\000h\000e\000\040\000R\000a\000s\000p\000b\000e\000r\000r\000y\000\040\000P\000i}{chapter.136}% 75
\BOOKMARK [1][-]{section.250}{\376\377\000C\000.\0009\000\040\000M\000o\000u\000n\000t\000\040\000Y\000o\000u\000r\000\040\000U\000S\000B\000\040\000F\000l\000a\000s\000h\000\040\000M\000e\000m\000o\000r\000y\000\040\000S\000t\000i\000c\000k\000\040\000T\000o\000\040\000t\000h\000e\000\040\000R\000a\000s\000p\000b\000e\000r\000r\000y\000\040\000P\000i}{chapter.136}% 76
\BOOKMARK [2][-]{subsection.251}{\376\377\000C\000.\0009\000.\0001\000\040\000C\000o\000n\000f\000i\000g\000u\000r\000i\000n\000g\000\040\000Y\000o\000u\000r\000\040\000M\000o\000u\000n\000t\000\040\000D\000r\000i\000v\000e}{section.250}% 77
\BOOKMARK [2][-]{subsection.261}{\376\377\000C\000.\0009\000.\0002\000\040\000H\000o\000w\000\040\000t\000o\000\040\000B\000o\000o\000t\000\040\000M\000o\000u\000n\000t\000\040\000E\000x\000t\000e\000r\000n\000a\000l\000\040\000M\000e\000m\000o\000r\000y}{section.250}% 78
\BOOKMARK [1][-]{section.275}{\376\377\000C\000.\0001\0000\000\040\000S\000e\000t\000\040\000U\000p\000\040\000a\000\040\000w\000i\000F\000i\000\040\000H\000o\000t\000s\000p\000o\000t}{chapter.136}% 79
\BOOKMARK [1][-]{section.298}{\376\377\000C\000.\0001\0001\000\040\000C\000o\000n\000f\000i\000g\000u\000r\000i\000n\000g\000\040\000H\000o\000s\000t\000A\000P\000D}{chapter.136}% 80
\BOOKMARK [1][-]{section.324}{\376\377\000C\000.\0001\0002\000\040\000C\000o\000n\000f\000i\000g\000u\000r\000i\000n\000g\000\040\000D\000N\000S\000\040\000a\000c\000c\000e\000s\000s\000\040\000v\000i\000a\000\040\000d\000n\000s\000m\000a\000s\000q}{chapter.136}% 81
\BOOKMARK [0][-]{chapter.331}{\376\377\000D\000\040\000A\000p\000p\000e\000n\000d\000i\000x\000\040\000D\000:\000\040\000M\000I\000T\000\040\000L\000i\000c\000e\000n\000c\000e\000\040\000a\000n\000d\000\040\000R\000e\000s\000e\000a\000r\000c\000h\000\040\000E\000t\000h\000i\000c\000s\000\040\000A\000p\000p\000r\000o\000v\000a\000l}{}% 82
\BOOKMARK [1][-]{section.332}{\376\377\000D\000.\0001\000\040\000M\000I\000T\000\040\000L\000i\000c\000e\000n\000c\000e}{chapter.331}% 83
\BOOKMARK [0][-]{dummy.333}{\376\377\000B\000i\000b\000l\000i\000o\000g\000r\000a\000p\000h\000y}{}% 84
