\BOOKMARK [0][-]{dummy.1}{\376\377\000D\000e\000c\000l\000a\000r\000a\000t\000i\000o\000n\000\040\000o\000f\000\040\000A\000u\000t\000h\000o\000r\000s\000h\000i\000p}{}% 1
\BOOKMARK [0][-]{dummy.2}{\376\377\000A\000b\000s\000t\000r\000a\000c\000t}{}% 2
\BOOKMARK [0][-]{dummy.3}{\376\377\000A\000c\000k\000n\000o\000w\000l\000e\000d\000g\000e\000m\000e\000n\000t\000s}{}% 3
\BOOKMARK [0][-]{dummy.4}{\376\377\000C\000o\000n\000t\000e\000n\000t\000s}{}% 4
\BOOKMARK [0][-]{dummy.6}{\376\377\000L\000i\000s\000t\000\040\000o\000f\000\040\000F\000i\000g\000u\000r\000e\000s}{}% 5
\BOOKMARK [0][-]{dummy.8}{\376\377\000L\000i\000s\000t\000\040\000o\000f\000\040\000T\000a\000b\000l\000e\000s}{}% 6
\BOOKMARK [0][-]{dummy.10}{\376\377\000A\000b\000b\000r\000e\000v\000i\000a\000t\000i\000o\000n\000s}{}% 7
\BOOKMARK [0][-]{chapter.13}{\376\377\0001\000\040\000I\000n\000t\000r\000o\000d\000u\000c\000t\000i\000o\000n\000:\000\040\000R\000e\000s\000e\000a\000r\000c\000h\000i\000n\000g\000\040\000A\000\040\000B\000e\000t\000t\000e\000r\000\040\000T\000o\000o\000l\000s\000e\000t}{}% 8
\BOOKMARK [1][-]{section.14}{\376\377\0001\000.\0001\000\040\000R\000e\000s\000e\000a\000r\000c\000h\000\040\000Q\000u\000e\000s\000t\000i\000o\000n}{chapter.13}% 9
\BOOKMARK [1][-]{section.15}{\376\377\0001\000.\0002\000\040\000I\000n\000i\000t\000i\000a\000l\000\040\000A\000p\000p\000r\000o\000a\000c\000h}{chapter.13}% 10
\BOOKMARK [1][-]{section.16}{\376\377\0001\000.\0003\000\040\000S\000t\000r\000u\000c\000t\000u\000r\000e\000\040\000o\000f\000\040\000t\000h\000e\000\040\000R\000e\000m\000a\000i\000n\000d\000e\000r\000\040\000o\000f\000\040\000t\000h\000i\000s\000\040\000D\000o\000c\000u\000m\000e\000n\000t}{chapter.13}% 11
\BOOKMARK [2][-]{subsection.17}{\376\377\0001\000.\0003\000.\0001\000\040\000C\000h\000a\000p\000t\000e\000r\000s}{section.16}% 12
\BOOKMARK [2][-]{subsection.18}{\376\377\0001\000.\0003\000.\0002\000\040\000A\000p\000p\000e\000n\000d\000i\000c\000e\000s}{section.16}% 13
\BOOKMARK [0][-]{chapter.19}{\376\377\0002\000\040\000L\000i\000t\000e\000r\000a\000t\000u\000r\000e\000\040\000R\000e\000v\000i\000e\000w\000\040\000a\000n\000d\000\040\000t\000h\000e\000\040\000S\000t\000a\000t\000e\000\040\000o\000f\000\040\000t\000h\000e\000\040\000A\000r\000t}{}% 14
\BOOKMARK [1][-]{section.20}{\376\377\0002\000.\0001\000\040\000L\000i\000t\000e\000r\000a\000t\000u\000r\000e\000\040\000R\000e\000v\000i\000e\000w}{chapter.19}% 15
\BOOKMARK [2][-]{subsection.21}{\376\377\0002\000.\0001\000.\0001\000\040\000T\000h\000e\000o\000r\000e\000t\000i\000c\000a\000l\000\040\000a\000n\000d\000\040\000A\000c\000a\000d\000e\000m\000i\000c\000\040\000S\000c\000a\000f\000f\000o\000l\000d\000\040\000W\000o\000r\000k\000s}{section.20}% 16
\BOOKMARK [2][-]{subsection.22}{\376\377\0002\000.\0001\000.\0002\000\040\000P\000r\000a\000g\000m\000a\000t\000i\000c\000\040\000R\000e\000f\000e\000r\000e\000n\000c\000e\000\040\000W\000o\000r\000k\000s}{section.20}% 17
\BOOKMARK [2][-]{subsection.23}{\376\377\0002\000.\0001\000.\0003\000\040\000S\000o\000f\000t\000w\000a\000r\000e\000\040\000L\000i\000s\000t}{section.20}% 18
\BOOKMARK [0][-]{chapter.24}{\376\377\0003\000\040\000C\000r\000i\000t\000i\000c\000a\000l\000\040\000T\000h\000e\000o\000r\000y\000\040\000a\000n\000d\000\040\000S\000o\000f\000t\000w\000a\000r\000e\000\040\000D\000e\000s\000i\000g\000n}{}% 19
\BOOKMARK [1][-]{section.25}{\376\377\0003\000.\0001\000\040\000M\000a\000i\000n\000\040\000S\000e\000c\000t\000i\000o\000n\000\040\0001}{chapter.24}% 20
\BOOKMARK [2][-]{subsection.26}{\376\377\0003\000.\0001\000.\0001\000\040\000S\000u\000b\000s\000e\000c\000t\000i\000o\000n\000\040\0001}{section.25}% 21
\BOOKMARK [2][-]{subsection.27}{\376\377\0003\000.\0001\000.\0002\000\040\000S\000u\000b\000s\000e\000c\000t\000i\000o\000n\000\040\0002}{section.25}% 22
\BOOKMARK [1][-]{section.28}{\376\377\0003\000.\0002\000\040\000M\000a\000i\000n\000\040\000S\000e\000c\000t\000i\000o\000n\000\040\0002}{chapter.24}% 23
\BOOKMARK [0][-]{chapter.29}{\376\377\0004\000\040\000I\000n\000d\000u\000s\000t\000r\000y\000\040\000E\000n\000g\000a\000g\000e\000m\000e\000n\000t\000\040\000a\000n\000d\000\040\000D\000e\000s\000i\000g\000n\000\040\000R\000e\000s\000e\000a\000r\000c\000h\000:\000\040\000C\000o\000m\000m\000u\000n\000i\000t\000y\000\040\000C\000o\000l\000l\000a\000b\000o\000r\000a\000t\000i\000o\000n\000\040\000i\000n\000\040\000S\000o\000f\000t\000w\000a\000r\000e\000\040\000D\000e\000v\000e\000l\000o\000p\000m\000e\000n\000t}{}% 24
\BOOKMARK [1][-]{section.30}{\376\377\0004\000.\0001\000\040\000M\000a\000i\000n\000\040\000S\000e\000c\000t\000i\000o\000n\000\040\0001}{chapter.29}% 25
\BOOKMARK [2][-]{subsection.31}{\376\377\0004\000.\0001\000.\0001\000\040\000S\000u\000b\000s\000e\000c\000t\000i\000o\000n\000\040\0001}{section.30}% 26
\BOOKMARK [2][-]{subsection.32}{\376\377\0004\000.\0001\000.\0002\000\040\000S\000u\000b\000s\000e\000c\000t\000i\000o\000n\000\040\0002}{section.30}% 27
\BOOKMARK [1][-]{section.33}{\376\377\0004\000.\0002\000\040\000M\000a\000i\000n\000\040\000S\000e\000c\000t\000i\000o\000n\000\040\0002}{chapter.29}% 28
\BOOKMARK [0][-]{chapter.34}{\376\377\0005\000\040\000C\000o\000m\000p\000l\000i\000c\000a\000t\000i\000o\000n\000s\000\040\000a\000n\000d\000\040\000P\000r\000o\000b\000l\000e\000m\000s}{}% 29
\BOOKMARK [1][-]{section.35}{\376\377\0005\000.\0001\000\040\000P\000r\000o\000b\000l\000e\000m\000s\000\040\000a\000n\000d\000\040\000C\000o\000m\000p\000l\000i\000c\000a\000t\000i\000o\000n\000s}{chapter.34}% 30
\BOOKMARK [2][-]{subsection.36}{\376\377\0005\000.\0001\000.\0001\000\040\000P\000r\000o\000b\000l\000e\000m\000s\000\040\000w\000i\000t\000h\000\040\000C\000Y\000O\000A\000\040\000a\000s\000\040\000a\000\040\000f\000o\000r\000m\000a\000t}{section.35}% 31
\BOOKMARK [2][-]{subsection.37}{\376\377\0005\000.\0001\000.\0002\000\040\000A\000v\000o\000c\000a\000t\000i\000o\000n\000a\000l\000\040\000W\000o\000r\000k\000\040\000v\000e\000r\000s\000u\000s\000\040\000P\000r\000o\000f\000e\000s\000s\000i\000o\000n\000a\000l\000i\000s\000a\000t\000i\000o\000n}{section.35}% 32
\BOOKMARK [1][-]{section.38}{\376\377\0005\000.\0002\000\040\000G\000o\000o\000d\000\040\000B\000r\000a\000n\000c\000h\000i\000n\000g\000\040\000i\000s\000\040\000E\000x\000p\000e\000n\000s\000i\000v\000e\000\040\000a\000n\000d\000\040\000D\000i\000f\000f\000i\000c\000u\000l\000t}{chapter.34}% 33
\BOOKMARK [0][-]{chapter.39}{\376\377\0006\000\040\000C\000o\000n\000c\000l\000u\000s\000i\000o\000n}{}% 34
\BOOKMARK [1][-]{section.40}{\376\377\0006\000.\0001\000\040\000C\000o\000n\000c\000l\000u\000s\000i\000o\000n}{chapter.39}% 35
\BOOKMARK [0][-]{chapter.41}{\376\377\0007\000\040\000E\000n\000d\000n\000o\000t\000e\000s\000,\000\040\000R\000e\000f\000e\000r\000e\000n\000c\000e\000s\000,\000\040\000W\000o\000r\000k\000s\000\040\000C\000i\000t\000e\000d}{}% 36
\BOOKMARK [1][-]{section.42}{\376\377\0007\000.\0001\000\040\000M\000a\000i\000n\000\040\000S\000e\000c\000t\000i\000o\000n\000\040\0001}{chapter.41}% 37
\BOOKMARK [2][-]{subsection.43}{\376\377\0007\000.\0001\000.\0001\000\040\000S\000u\000b\000s\000e\000c\000t\000i\000o\000n\000\040\0001}{section.42}% 38
\BOOKMARK [2][-]{subsection.44}{\376\377\0007\000.\0001\000.\0002\000\040\000S\000u\000b\000s\000e\000c\000t\000i\000o\000n\000\040\0002}{section.42}% 39
\BOOKMARK [1][-]{section.45}{\376\377\0007\000.\0002\000\040\000M\000a\000i\000n\000\040\000S\000e\000c\000t\000i\000o\000n\000\040\0002}{chapter.41}% 40
\BOOKMARK [0][-]{appendix.46}{\376\377\000A\000\040\000A\000g\000i\000l\000e\000\040\000M\000a\000n\000i\000f\000e\000s\000t\000o}{}% 41
\BOOKMARK [1][-]{section.47}{\376\377\000A\000.\0001\000\040\000A\000g\000i\000l\000e\000\040\000M\000a\000n\000i\000f\000e\000s\000t\000o}{appendix.46}% 42
\BOOKMARK [2][-]{subsection.48}{\376\377\000A\000.\0001\000.\0001\000\040\000W\000h\000a\000t\000\040\000I\000s\000\040\000A\000g\000i\000l\000e\000?}{section.47}% 43
\BOOKMARK [0][-]{appendix.49}{\376\377\000B\000\040\000A\000n\000n\000o\000t\000a\000t\000e\000d\000\040\000L\000i\000t\000e\000r\000a\000t\000u\000r\000e\000\040\000R\000e\000v\000i\000e\000w}{}% 44
\BOOKMARK [1][-]{section.50}{\376\377\000B\000.\0001\000\040\000L\000i\000t\000e\000r\000a\000t\000u\000r\000e\000\040\000R\000e\000v\000i\000e\000w}{appendix.49}% 45
\BOOKMARK [0][-]{appendix.51}{\376\377\000C\000\040\000G\000a\000m\000e\000\040\000J\000a\000m\000\040\000D\000o\000c\000u\000m\000e\000n\000t\000a\000t\000i\000o\000n}{}% 46
\BOOKMARK [0][-]{dummy.52}{\376\377\000B\000i\000b\000l\000i\000o\000g\000r\000a\000p\000h\000y}{}% 47
